<?xml version="1.0" encoding="UTF-8" ?>
<testsuite errors="0" failures="0" hostname="li0-9" name="se.liu.ida.tdp024.account.data.test.facade.AccountEntityFacadeTest" skipped="0" tests="2" time="4.275" timestamp="2015-10-02T15:06:35">
  <properties>
[...]
</properties>
  <testcase classname="se.liu.ida.tdp024.account.data.test.facade.AccountEntityFacadeTest" name="testCreate" time="3.627" />
  <testcase classname="se.liu.ida.tdp024.account.data.test.facade.AccountEntityFacadeTest" name="testFindById" time="0.534" />
  <system-out><![CDATA[[EL Info]: 2015-10-02 17:06:36.425--ServerSession(435458130)--EclipseLink, version: Eclipse Persistence Services - 2.3.0.v20110604-r9504
[EL Info]: 2015-10-02 17:06:38.064--ServerSession(435458130)--file:/home/jesba289/Dokument/TDP024-Enterprise-System/account-data-impl-db/build/classes/_account-dataPU login successful
[EL Warning]: 2015-10-02 17:06:38.328--ServerSession(435458130)--Exception [EclipseLink-4002] (Eclipse Persistence Services - 2.3.0.v20110604-r9504): org.eclipse.persistence.exceptions.DatabaseException
Internal Exception: java.sql.SQLSyntaxErrorException: 'ALTER TABLE' cannot be performed on 'TRANSACTIONDB' because it does not exist.
Error Code: 30000
Call: ALTER TABLE TRANSACTIONDB DROP CONSTRAINT TRNSACTIONDBCCNTID
Query: DataModifyQuery(sql="ALTER TABLE TRANSACTIONDB DROP CONSTRAINT TRNSACTIONDBCCNTID")
[EL Warning]: 2015-10-02 17:06:38.332--ServerSession(435458130)--Exception [EclipseLink-4002] (Eclipse Persistence Services - 2.3.0.v20110604-r9504): org.eclipse.persistence.exceptions.DatabaseException
Internal Exception: java.sql.SQLSyntaxErrorException: 'DROP TABLE' cannot be performed on 'ACCOUNTDB' because it does not exist.
Error Code: 30000
Call: DROP TABLE ACCOUNTDB
Query: DataModifyQuery(sql="DROP TABLE ACCOUNTDB")
[EL Warning]: 2015-10-02 17:06:38.39--ServerSession(435458130)--Exception [EclipseLink-4002] (Eclipse Persistence Services - 2.3.0.v20110604-r9504): org.eclipse.persistence.exceptions.DatabaseException
Internal Exception: java.sql.SQLSyntaxErrorException: 'DROP TABLE' cannot be performed on 'TRANSACTIONDB' because it does not exist.
Error Code: 30000
Call: DROP TABLE TRANSACTIONDB
Query: DataModifyQuery(sql="DROP TABLE TRANSACTIONDB")
[EL Info]: 2015-10-02 17:06:38.727--ServerSession(435458130)--file:/home/jesba289/Dokument/TDP024-Enterprise-System/account-data-impl-db/build/classes/_account-dataPU logout successful
[EL Info]: 2015-10-02 17:06:38.775--ServerSession(1998357879)--EclipseLink, version: Eclipse Persistence Services - 2.3.0.v20110604-r9504
[EL Info]: 2015-10-02 17:06:38.784--ServerSession(1998357879)--file:/home/jesba289/Dokument/TDP024-Enterprise-System/account-data-impl-db/build/classes/_account-dataPU login successful
[EL Warning]: 2015-10-02 17:06:38.957--ServerSession(1998357879)--Exception [EclipseLink-4002] (Eclipse Persistence Services - 2.3.0.v20110604-r9504): org.eclipse.persistence.exceptions.DatabaseException
Internal Exception: java.sql.SQLException: Table/View 'SEQUENCE' already exists in Schema 'APP'.
Error Code: 30000
Call: CREATE TABLE SEQUENCE (SEQ_NAME VARCHAR(50) NOT NULL, SEQ_COUNT DECIMAL(15), PRIMARY KEY (SEQ_NAME))
Query: DataModifyQuery(sql="CREATE TABLE SEQUENCE (SEQ_NAME VARCHAR(50) NOT NULL, SEQ_COUNT DECIMAL(15), PRIMARY KEY (SEQ_NAME))")
[EL Info]: 2015-10-02 17:06:39.266--ServerSession(1998357879)--file:/home/jesba289/Dokument/TDP024-Enterprise-System/account-data-impl-db/build/classes/_account-dataPU logout successful
]]></system-out>
  <system-err><![CDATA[]]></system-err>
</testsuite>
