<?xml version="1.0" encoding="UTF-8" ?>
<testsuite errors="0" failures="0" hostname="li0-9" name="se.liu.ida.tdp024.account.logic.test.facade.AccountLogicFacadeTest" skipped="0" tests="2" time="7.315" timestamp="2015-10-02T15:06:45">
  <properties>
[...]
</properties>
  <testcase classname="se.liu.ida.tdp024.account.logic.test.facade.AccountLogicFacadeTest" name="testCreate" time="5.917" />
  <testcase classname="se.liu.ida.tdp024.account.logic.test.facade.AccountLogicFacadeTest" name="testFind" time="1.262" />
  <system-out><![CDATA[http://enterprise-systems.appspot.com/person/find.name
http://enterprise-systems.appspot.com/bank/find.name?name=SWEDBANK
http://enterprise-systems.appspot.com/person/find.name?name=Ayy+Lmao
http://enterprise-systems.appspot.com/bank/find.name?name=dank+bank
http://enterprise-systems.appspot.com/person/find.name?name=Ayy+Lmao
http://enterprise-systems.appspot.com/bank/find.name?name=SWEDBANK
http://enterprise-systems.appspot.com/person/find.name?name=Q
http://enterprise-systems.appspot.com/bank/find.name?name=SWEDBANK
--------- CREATE --------
Accounttype: CHECK
Person: Q - ahRzfmVudGVycHJpc2Utc3lzdGVtc3IOCxIGUGVyc29uGLmUAQw
Bank: SWEDBANK - ahRzfmVudGVycHJpc2Utc3lzdGVtc3ILCxIEQmFuaxiJJww
[EL Info]: 2015-10-02 17:06:49.194--ServerSession(1823377532)--EclipseLink, version: Eclipse Persistence Services - 2.3.0.v20110604-r9504
[EL Info]: 2015-10-02 17:06:50.507--ServerSession(1823377532)--file:/home/jesba289/Dokument/TDP024-Enterprise-System/account-data-impl-db/build/classes/_account-dataPU login successful
[EL Warning]: 2015-10-02 17:06:50.768--ServerSession(1823377532)--Exception [EclipseLink-4002] (Eclipse Persistence Services - 2.3.0.v20110604-r9504): org.eclipse.persistence.exceptions.DatabaseException
Internal Exception: java.sql.SQLSyntaxErrorException: 'ALTER TABLE' cannot be performed on 'TRANSACTIONDB' because it does not exist.
Error Code: 30000
Call: ALTER TABLE TRANSACTIONDB DROP CONSTRAINT TRNSACTIONDBCCNTID
Query: DataModifyQuery(sql="ALTER TABLE TRANSACTIONDB DROP CONSTRAINT TRNSACTIONDBCCNTID")
[EL Warning]: 2015-10-02 17:06:50.773--ServerSession(1823377532)--Exception [EclipseLink-4002] (Eclipse Persistence Services - 2.3.0.v20110604-r9504): org.eclipse.persistence.exceptions.DatabaseException
Internal Exception: java.sql.SQLSyntaxErrorException: 'DROP TABLE' cannot be performed on 'ACCOUNTDB' because it does not exist.
Error Code: 30000
Call: DROP TABLE ACCOUNTDB
Query: DataModifyQuery(sql="DROP TABLE ACCOUNTDB")
[EL Warning]: 2015-10-02 17:06:50.832--ServerSession(1823377532)--Exception [EclipseLink-4002] (Eclipse Persistence Services - 2.3.0.v20110604-r9504): org.eclipse.persistence.exceptions.DatabaseException
Internal Exception: java.sql.SQLSyntaxErrorException: 'DROP TABLE' cannot be performed on 'TRANSACTIONDB' because it does not exist.
Error Code: 30000
Call: DROP TABLE TRANSACTIONDB
Query: DataModifyQuery(sql="DROP TABLE TRANSACTIONDB")
http://enterprise-systems.appspot.com/person/find.name
http://enterprise-systems.appspot.com/bank/find.name
[EL Info]: 2015-10-02 17:06:51.562--ServerSession(1823377532)--file:/home/jesba289/Dokument/TDP024-Enterprise-System/account-data-impl-db/build/classes/_account-dataPU logout successful
http://enterprise-systems.appspot.com/person/find.name?name=Q
http://enterprise-systems.appspot.com/bank/find.name?name=SWEDBANK
--------- CREATE --------
Accounttype: CHECK
Person: Q - ahRzfmVudGVycHJpc2Utc3lzdGVtc3IOCxIGUGVyc29uGLmUAQw
Bank: SWEDBANK - ahRzfmVudGVycHJpc2Utc3lzdGVtc3ILCxIEQmFuaxiJJww
[EL Info]: 2015-10-02 17:06:51.966--ServerSession(1230458658)--EclipseLink, version: Eclipse Persistence Services - 2.3.0.v20110604-r9504
[EL Info]: 2015-10-02 17:06:51.973--ServerSession(1230458658)--file:/home/jesba289/Dokument/TDP024-Enterprise-System/account-data-impl-db/build/classes/_account-dataPU login successful
[EL Warning]: 2015-10-02 17:06:52.141--ServerSession(1230458658)--Exception [EclipseLink-4002] (Eclipse Persistence Services - 2.3.0.v20110604-r9504): org.eclipse.persistence.exceptions.DatabaseException
Internal Exception: java.sql.SQLException: Table/View 'SEQUENCE' already exists in Schema 'APP'.
Error Code: 30000
Call: CREATE TABLE SEQUENCE (SEQ_NAME VARCHAR(50) NOT NULL, SEQ_COUNT DECIMAL(15), PRIMARY KEY (SEQ_NAME))
Query: DataModifyQuery(sql="CREATE TABLE SEQUENCE (SEQ_NAME VARCHAR(50) NOT NULL, SEQ_COUNT DECIMAL(15), PRIMARY KEY (SEQ_NAME))")
http://enterprise-systems.appspot.com/person/find.name?name=Q
http://enterprise-systems.appspot.com/person/find.name?name=ayy+lmao
[EL Info]: 2015-10-02 17:06:52.834--ServerSession(1230458658)--file:/home/jesba289/Dokument/TDP024-Enterprise-System/account-data-impl-db/build/classes/_account-dataPU logout successful
]]></system-out>
  <system-err><![CDATA[java.lang.NullPointerException
	at java.net.URLEncoder.encode(URLEncoder.java:205)
	at se.liu.ida.tdp024.account.util.http.HTTPHelperImpl.createURL(HTTPHelperImpl.java:110)
	at se.liu.ida.tdp024.account.util.http.HTTPHelperImpl.get(HTTPHelperImpl.java:22)
	at se.liu.ida.tdp024.account.logic.impl.facade.AccountLogicFacadeImpl.create(AccountLogicFacadeImpl.java:28)
	at se.liu.ida.tdp024.account.logic.test.facade.AccountLogicFacadeTest.testCreate(AccountLogicFacadeTest.java:38)
	at sun.reflect.NativeMethodAccessorImpl.invoke0(Native Method)
	at sun.reflect.NativeMethodAccessorImpl.invoke(NativeMethodAccessorImpl.java:57)
	at sun.reflect.DelegatingMethodAccessorImpl.invoke(DelegatingMethodAccessorImpl.java:43)
	at java.lang.reflect.Method.invoke(Method.java:606)
	at org.junit.runners.model.FrameworkMethod$1.runReflectiveCall(FrameworkMethod.java:45)
	at org.junit.internal.runners.model.ReflectiveCallable.run(ReflectiveCallable.java:15)
	at org.junit.runners.model.FrameworkMethod.invokeExplosively(FrameworkMethod.java:42)
	at org.junit.internal.runners.statements.InvokeMethod.evaluate(InvokeMethod.java:20)
	at org.junit.internal.runners.statements.RunAfters.evaluate(RunAfters.java:30)
	at org.junit.runners.ParentRunner.runLeaf(ParentRunner.java:263)
	at org.junit.runners.BlockJUnit4ClassRunner.runChild(BlockJUnit4ClassRunner.java:68)
	at org.junit.runners.BlockJUnit4ClassRunner.runChild(BlockJUnit4ClassRunner.java:47)
	at org.junit.runners.ParentRunner$3.run(ParentRunner.java:231)
	at org.junit.runners.ParentRunner$1.schedule(ParentRunner.java:60)
	at org.junit.runners.ParentRunner.runChildren(ParentRunner.java:229)
	at org.junit.runners.ParentRunner.access$000(ParentRunner.java:50)
	at org.junit.runners.ParentRunner$2.evaluate(ParentRunner.java:222)
	at org.junit.runners.ParentRunner.run(ParentRunner.java:300)
	at junit.framework.JUnit4TestAdapter.run(JUnit4TestAdapter.java:39)
	at org.apache.tools.ant.taskdefs.optional.junit.JUnitTestRunner.run(JUnitTestRunner.java:532)
	at org.apache.tools.ant.taskdefs.optional.junit.JUnitTestRunner.launch(JUnitTestRunner.java:1165)
	at org.apache.tools.ant.taskdefs.optional.junit.JUnitTestRunner.main(JUnitTestRunner.java:1016)
java.lang.NullPointerException
	at java.net.URLEncoder.encode(URLEncoder.java:205)
	at se.liu.ida.tdp024.account.util.http.HTTPHelperImpl.createURL(HTTPHelperImpl.java:110)
	at se.liu.ida.tdp024.account.util.http.HTTPHelperImpl.get(HTTPHelperImpl.java:22)
	at se.liu.ida.tdp024.account.logic.impl.facade.AccountLogicFacadeImpl.create(AccountLogicFacadeImpl.java:28)
	at se.liu.ida.tdp024.account.logic.test.facade.AccountLogicFacadeTest.testCreate(AccountLogicFacadeTest.java:74)
	at sun.reflect.NativeMethodAccessorImpl.invoke0(Native Method)
	at sun.reflect.NativeMethodAccessorImpl.invoke(NativeMethodAccessorImpl.java:57)
	at sun.reflect.DelegatingMethodAccessorImpl.invoke(DelegatingMethodAccessorImpl.java:43)
	at java.lang.reflect.Method.invoke(Method.java:606)
	at org.junit.runners.model.FrameworkMethod$1.runReflectiveCall(FrameworkMethod.java:45)
	at org.junit.internal.runners.model.ReflectiveCallable.run(ReflectiveCallable.java:15)
	at org.junit.runners.model.FrameworkMethod.invokeExplosively(FrameworkMethod.java:42)
	at org.junit.internal.runners.statements.InvokeMethod.evaluate(InvokeMethod.java:20)
	at org.junit.internal.runners.statements.RunAfters.evaluate(RunAfters.java:30)
	at org.junit.runners.ParentRunner.runLeaf(ParentRunner.java:263)
	at org.junit.runners.BlockJUnit4ClassRunner.runChild(BlockJUnit4ClassRunner.java:68)
	at org.junit.runners.BlockJUnit4ClassRunner.runChild(BlockJUnit4ClassRunner.java:47)
	at org.junit.runners.ParentRunner$3.run(ParentRunner.java:231)
	at org.junit.runners.ParentRunner$1.schedule(ParentRunner.java:60)
	at org.junit.runners.ParentRunner.runChildren(ParentRunner.java:229)
	at org.junit.runners.ParentRunner.access$000(ParentRunner.java:50)
	at org.junit.runners.ParentRunner$2.evaluate(ParentRunner.java:222)
	at org.junit.runners.ParentRunner.run(ParentRunner.java:300)
	at junit.framework.JUnit4TestAdapter.run(JUnit4TestAdapter.java:39)
	at org.apache.tools.ant.taskdefs.optional.junit.JUnitTestRunner.run(JUnitTestRunner.java:532)
	at org.apache.tools.ant.taskdefs.optional.junit.JUnitTestRunner.launch(JUnitTestRunner.java:1165)
	at org.apache.tools.ant.taskdefs.optional.junit.JUnitTestRunner.main(JUnitTestRunner.java:1016)
java.lang.NullPointerException
	at java.net.URLEncoder.encode(URLEncoder.java:205)
	at se.liu.ida.tdp024.account.util.http.HTTPHelperImpl.createURL(HTTPHelperImpl.java:110)
	at se.liu.ida.tdp024.account.util.http.HTTPHelperImpl.get(HTTPHelperImpl.java:22)
	at se.liu.ida.tdp024.account.logic.impl.facade.AccountLogicFacadeImpl.create(AccountLogicFacadeImpl.java:29)
	at se.liu.ida.tdp024.account.logic.test.facade.AccountLogicFacadeTest.testCreate(AccountLogicFacadeTest.java:74)
	at sun.reflect.NativeMethodAccessorImpl.invoke0(Native Method)
	at sun.reflect.NativeMethodAccessorImpl.invoke(NativeMethodAccessorImpl.java:57)
	at sun.reflect.DelegatingMethodAccessorImpl.invoke(DelegatingMethodAccessorImpl.java:43)
	at java.lang.reflect.Method.invoke(Method.java:606)
	at org.junit.runners.model.FrameworkMethod$1.runReflectiveCall(FrameworkMethod.java:45)
	at org.junit.internal.runners.model.ReflectiveCallable.run(ReflectiveCallable.java:15)
	at org.junit.runners.model.FrameworkMethod.invokeExplosively(FrameworkMethod.java:42)
	at org.junit.internal.runners.statements.InvokeMethod.evaluate(InvokeMethod.java:20)
	at org.junit.internal.runners.statements.RunAfters.evaluate(RunAfters.java:30)
	at org.junit.runners.ParentRunner.runLeaf(ParentRunner.java:263)
	at org.junit.runners.BlockJUnit4ClassRunner.runChild(BlockJUnit4ClassRunner.java:68)
	at org.junit.runners.BlockJUnit4ClassRunner.runChild(BlockJUnit4ClassRunner.java:47)
	at org.junit.runners.ParentRunner$3.run(ParentRunner.java:231)
	at org.junit.runners.ParentRunner$1.schedule(ParentRunner.java:60)
	at org.junit.runners.ParentRunner.runChildren(ParentRunner.java:229)
	at org.junit.runners.ParentRunner.access$000(ParentRunner.java:50)
	at org.junit.runners.ParentRunner$2.evaluate(ParentRunner.java:222)
	at org.junit.runners.ParentRunner.run(ParentRunner.java:300)
	at junit.framework.JUnit4TestAdapter.run(JUnit4TestAdapter.java:39)
	at org.apache.tools.ant.taskdefs.optional.junit.JUnitTestRunner.run(JUnitTestRunner.java:532)
	at org.apache.tools.ant.taskdefs.optional.junit.JUnitTestRunner.launch(JUnitTestRunner.java:1165)
	at org.apache.tools.ant.taskdefs.optional.junit.JUnitTestRunner.main(JUnitTestRunner.java:1016)
]]></system-err>
</testsuite>
