<?xml version="1.0" encoding="UTF-8" ?>
<testsuite errors="0" failures="0" hostname="li0-9" name="se.liu.ida.tdp024.account.logic.test.facade.AccountLogicFacadeTest" skipped="0" tests="2" time="7.315" timestamp="2015-10-02T15:06:45">
  <properties>
    <property name="java.vendor" value="Oracle Corporation" />
    <property name="sun.java.launcher" value="SUN_STANDARD" />
    <property name="sonar.projectName" value="TDP024_grupp_b2" />
    <property name="sun.management.compiler" value="HotSpot 64-Bit Tiered Compilers" />
    <property name="os.name" value="Linux" />
    <property name="sun.boot.class.path" value="/usr/lib/jvm/java-7-openjdk-amd64/jre/lib/resources.jar:/usr/lib/jvm/java-7-openjdk-amd64/jre/lib/rt.jar:/usr/lib/jvm/java-7-openjdk-amd64/jre/lib/sunrsasign.jar:/usr/lib/jvm/java-7-openjdk-amd64/jre/lib/jsse.jar:/usr/lib/jvm/java-7-openjdk-amd64/jre/lib/jce.jar:/usr/lib/jvm/java-7-openjdk-amd64/jre/lib/charsets.jar:/usr/lib/jvm/java-7-openjdk-amd64/jre/lib/rhino.jar:/usr/lib/jvm/java-7-openjdk-amd64/jre/lib/jfr.jar:/usr/lib/jvm/java-7-openjdk-amd64/jre/classes" />
    <property name="java.vm.specification.vendor" value="Oracle Corporation" />
    <property name="ant.home" value="/usr/share/ant" />
    <property name="sonar.projectVersion" value="1.0" />
    <property name="java.runtime.version" value="1.7.0_79-b14" />
    <property name="sonar.jdbc.password" value="sonar_17f4" />
    <property name="ant.file.type.TDP024_grupp_b2" value="file" />
    <property name="user.name" value="jesba289" />
    <property name="user.language" value="sv" />
    <property name="sun.boot.library.path" value="/usr/lib/jvm/java-7-openjdk-amd64/jre/lib/amd64" />
    <property name="ant.project.default-target" value="default" />
    <property name="ant.project.name" value="TDP024_grupp_b2" />
    <property name="java.version" value="1.7.0_79" />
    <property name="user.timezone" value="" />
    <property name="sun.arch.data.model" value="64" />
    <property name="jacoco.report.dir" value="jacoco/report" />
    <property name="sonar.host.url" value="http://www.ida.liu.se/~TDP024/sonar" />
    <property name="java.endorsed.dirs" value="/usr/lib/jvm/java-7-openjdk-amd64/jre/lib/endorsed" />
    <property name="sonar.jdbc.username" value="tdp024_sonar" />
    <property name="sun.cpu.isalist" value="" />
    <property name="sun.jnu.encoding" value="UTF-8" />
    <property name="file.encoding.pkg" value="sun.io" />
    <property name="file.separator" value="/" />
    <property name="java.specification.name" value="Java Platform API Specification" />
    <property name="sonar.sources" value="   account-data-api/src,   account-data-impl-db/src,   account-logic-api/src,   account-logic-impl/src,   account-rest/src/java   " />
    <property name="java.class.version" value="51.0" />
    <property name="user.country" value="SE" />
    <property name="java.home" value="/usr/lib/jvm/java-7-openjdk-amd64/jre" />
    <property name="java.vm.info" value="mixed mode" />
    <property name="sonar.libraries" value="lib/*.jar,lib/jaxb/*.jar,lib/jersey/*.jar" />
    <property name="ant.file" value="/home/jesba289/Dokument/TDP024-Enterprise-System/sonar_grupp_b2.xml" />
    <property name="os.version" value="3.13.0-57-generic" />
    <property name="jacoco.test.dir" value="jacoco/test" />
    <property name="path.separator" value=":" />
    <property name="java.vm.version" value="24.79-b02" />
    <property name="ant.library.dir" value="/usr/share/ant/lib" />
    <property name="sonar.login" value="grupp-b2" />
    <property name="java.awt.printerjob" value="sun.print.PSPrinterJob" />
    <property name="sun.io.unicode.encoding" value="UnicodeLittle" />
    <property name="awt.toolkit" value="sun.awt.X11.XToolkit" />
    <property name="_jacoco.agentFile" value="/tmp/jacocoagent5143712769517426837.jar" />
    <property name="sonar.tests" value="    account-data-test/test,    account-logic-test/test,    account-rest/test    " />
    <property name="jacoco.exec.file" value="jacoco/jacoco.exec" />
    <property name="user.home" value="/home/jesba289" />
    <property name="sonar.binaries" value="   account-data-api/build/classes,   account-data-impl-db/build/classes,   account-logic-api/build/classes,   account-logic-impl/build/classes,   account-rest/build/web/WEB-INF/classes,   account-util/build/classes   " />
    <property name="sonar.language" value="java" />
    <property name="java.specification.vendor" value="Oracle Corporation" />
    <property name="java.library.path" value="/usr/java/packages/lib/amd64:/usr/lib/x86_64-linux-gnu/jni:/lib/x86_64-linux-gnu:/usr/lib/x86_64-linux-gnu:/usr/lib/jni:/lib:/usr/lib" />
    <property name="java.vendor.url" value="http://java.oracle.com/" />
    <property name="java.vm.vendor" value="Oracle Corporation" />
    <property name="java.runtime.name" value="OpenJDK Runtime Environment" />
    <property name="sun.java.command" value="org.apache.tools.ant.taskdefs.optional.junit.JUnitTestRunner se.liu.ida.tdp024.account.logic.test.facade.AccountLogicFacadeTest skipNonTests=false filtertrace=true haltOnError=false haltOnFailure=false showoutput=false outputtoformatters=true logfailedtests=true logtestlistenerevents=false formatter=org.apache.tools.ant.taskdefs.optional.junit.XMLJUnitResultFormatter,/home/jesba289/Dokument/TDP024-Enterprise-System/jacoco/test/TEST-se.liu.ida.tdp024.account.logic.test.facade.AccountLogicFacadeTest.xml crashfile=/home/jesba289/Dokument/TDP024-Enterprise-System/junitvmwatcher805777372112319646.properties propsfile=/home/jesba289/Dokument/TDP024-Enterprise-System/junit5619159623410069624.properties" />
    <property name="java.class.path" value="/home/jesba289/Dokument/TDP024-Enterprise-System/account-data-api/build/classes:/home/jesba289/Dokument/TDP024-Enterprise-System/account-data-impl-db/build/classes:/home/jesba289/Dokument/TDP024-Enterprise-System/account-logic-api/build/classes:/home/jesba289/Dokument/TDP024-Enterprise-System/account-logic-impl/build/classes:/home/jesba289/Dokument/TDP024-Enterprise-System/account-rest/build/web/WEB-INF/classes:/home/jesba289/Dokument/TDP024-Enterprise-System/account-util/build/classes:/home/jesba289/Dokument/TDP024-Enterprise-System/account-data-test/build/test/classes:/home/jesba289/Dokument/TDP024-Enterprise-System/account-logic-test/build/test/classes:/home/jesba289/Dokument/TDP024-Enterprise-System/account-rest/build/test/classes:/home/jesba289/Dokument/TDP024-Enterprise-System/lib/ant-contrib-1.0b3.jar:/home/jesba289/Dokument/TDP024-Enterprise-System/lib/derby.jar:/home/jesba289/Dokument/TDP024-Enterprise-System/lib/eclipselink-2.3.0.jar:/home/jesba289/Dokument/TDP024-Enterprise-System/lib/jackson-annotations-2.2.2.jar:/home/jesba289/Dokument/TDP024-Enterprise-System/lib/jackson-core-2.2.2.jar:/home/jesba289/Dokument/TDP024-Enterprise-System/lib/jackson-databind-2.2.1.jar:/home/jesba289/Dokument/TDP024-Enterprise-System/lib/jacocoagent.jar:/home/jesba289/Dokument/TDP024-Enterprise-System/lib/jacocoant.jar:/home/jesba289/Dokument/TDP024-Enterprise-System/lib/javax.persistence-2.0.jar:/home/jesba289/Dokument/TDP024-Enterprise-System/lib/jaxb/activation.jar:/home/jesba289/Dokument/TDP024-Enterprise-System/lib/jaxb/jaxb-api.jar:/home/jesba289/Dokument/TDP024-Enterprise-System/lib/jaxb/jsr173_api.jar:/home/jesba289/Dokument/TDP024-Enterprise-System/lib/jersey/asm-3.1.jar:/home/jesba289/Dokument/TDP024-Enterprise-System/lib/jersey/jackson-core-asl-1.7.1.jar:/home/jesba289/Dokument/TDP024-Enterprise-System/lib/jersey/jackson-jaxrs-1.7.1.jar:/home/jesba289/Dokument/TDP024-Enterprise-System/lib/jersey/jackson-mapper-asl-1.7.1.jar:/home/jesba289/Dokument/TDP024-Enterprise-System/lib/jersey/jackson-xc-1.7.1.jar:/home/jesba289/Dokument/TDP024-Enterprise-System/lib/jersey/jersey-apache-client-1.8.jar:/home/jesba289/Dokument/TDP024-Enterprise-System/lib/jersey/jersey-atom-abdera-1.8.jar:/home/jesba289/Dokument/TDP024-Enterprise-System/lib/jersey/jersey-client-1.8.jar:/home/jesba289/Dokument/TDP024-Enterprise-System/lib/jersey/jersey-core-1.8.jar:/home/jesba289/Dokument/TDP024-Enterprise-System/lib/jersey/jersey-guice-1.8.jar:/home/jesba289/Dokument/TDP024-Enterprise-System/lib/jersey/jersey-json-1.8.jar:/home/jesba289/Dokument/TDP024-Enterprise-System/lib/jersey/jersey-multipart-1.8.jar:/home/jesba289/Dokument/TDP024-Enterprise-System/lib/jersey/jersey-server-1.8.jar:/home/jesba289/Dokument/TDP024-Enterprise-System/lib/jersey/jersey-simple-server-1.8.jar:/home/jesba289/Dokument/TDP024-Enterprise-System/lib/jersey/jersey-spring-1.8.jar:/home/jesba289/Dokument/TDP024-Enterprise-System/lib/jersey/jettison-1.1.jar:/home/jesba289/Dokument/TDP024-Enterprise-System/lib/jersey/jsr311-api-1.1.1.jar:/home/jesba289/Dokument/TDP024-Enterprise-System/lib/jersey/oauth-client-1.8.jar:/home/jesba289/Dokument/TDP024-Enterprise-System/lib/jersey/oauth-server-1.8.jar:/home/jesba289/Dokument/TDP024-Enterprise-System/lib/jersey/oauth-signature-1.8.jar:/home/jesba289/Dokument/TDP024-Enterprise-System/lib/junit-4.10.jar:/home/jesba289/Dokument/TDP024-Enterprise-System/lib/org-netbeans-modules-java-j2seproject-copylibstask.jar:/home/jesba289/Dokument/TDP024-Enterprise-System/lib/org.eclipse.persistence.jpa.jpql_1.0.0.jar:/home/jesba289/Dokument/TDP024-Enterprise-System/lib/sonar-ant-task-2.1.jar:/usr/share/java/ant-launcher-1.9.3.jar:/usr/share/ant/lib/ant.jar:/usr/share/ant/lib/ant-junit.jar:/usr/share/ant/lib/ant-junit4.jar:/tmp/jacocoagent5143712769517426837.jar" />
    <property name="ant.version" value="Apache Ant(TM) version 1.9.3 compiled on April 8 2014" />
    <property name="java.vm.specification.name" value="Java Virtual Machine Specification" />
    <property name="ant.file.type" value="file" />
    <property name="java.vm.specification.version" value="1.7" />
    <property name="sun.cpu.endian" value="little" />
    <property name="sun.os.patch.level" value="unknown" />
    <property name="java.io.tmpdir" value="/tmp" />
    <property name="sonar.jdbc.url" value="jdbc:mysql://db.ida.liu.se:3306/tdp024_sonar?useUnicode=true&amp;characterEncoding=utf8" />
    <property name="java.vendor.url.bug" value="http://bugreport.sun.com/bugreport/" />
    <property name="os.arch" value="amd64" />
    <property name="java.awt.graphicsenv" value="sun.awt.X11GraphicsEnvironment" />
    <property name="java.ext.dirs" value="/usr/lib/jvm/java-7-openjdk-amd64/jre/lib/ext:/usr/java/packages/lib/ext" />
    <property name="libs.CopyLibs.classpath" value="/home/TDP024/netbeans-8.0.1/java/ant/extra/org-netbeans-modules-java-j2seproject-copylibstask.jar" />
    <property name="user.dir" value="/home/jesba289/Dokument/TDP024-Enterprise-System" />
    <property name="sonar.password" value="ch2St4tR" />
    <property name="ant.file.TDP024_grupp_b2" value="/home/jesba289/Dokument/TDP024-Enterprise-System/sonar_grupp_b2.xml" />
    <property name="line.separator" value="&#xa;" />
    <property name="java.vm.name" value="OpenJDK 64-Bit Server VM" />
    <property name="basedir" value="/home/jesba289/Dokument/TDP024-Enterprise-System" />
    <property name="ant.java.version" value="1.7" />
    <property name="ant.core.lib" value="/usr/share/ant/lib/ant.jar" />
    <property name="file.encoding" value="UTF-8" />
    <property name="java.specification.version" value="1.7" />
    <property name="ant.project.invoked-targets" value="jacoco" />
    <property name="sonar.projectKey" value="TDP024_grupp_b2" />
  </properties>
  <testcase classname="se.liu.ida.tdp024.account.logic.test.facade.AccountLogicFacadeTest" name="testCreate" time="5.917" />
  <testcase classname="se.liu.ida.tdp024.account.logic.test.facade.AccountLogicFacadeTest" name="testFind" time="1.262" />
  <system-out><![CDATA[http://enterprise-systems.appspot.com/person/find.name
http://enterprise-systems.appspot.com/bank/find.name?name=SWEDBANK
http://enterprise-systems.appspot.com/person/find.name?name=Ayy+Lmao
http://enterprise-systems.appspot.com/bank/find.name?name=dank+bank
http://enterprise-systems.appspot.com/person/find.name?name=Ayy+Lmao
http://enterprise-systems.appspot.com/bank/find.name?name=SWEDBANK
http://enterprise-systems.appspot.com/person/find.name?name=Q
http://enterprise-systems.appspot.com/bank/find.name?name=SWEDBANK
--------- CREATE --------
Accounttype: CHECK
Person: Q - ahRzfmVudGVycHJpc2Utc3lzdGVtc3IOCxIGUGVyc29uGLmUAQw
Bank: SWEDBANK - ahRzfmVudGVycHJpc2Utc3lzdGVtc3ILCxIEQmFuaxiJJww
[EL Info]: 2015-10-02 17:06:49.194--ServerSession(1823377532)--EclipseLink, version: Eclipse Persistence Services - 2.3.0.v20110604-r9504
[EL Info]: 2015-10-02 17:06:50.507--ServerSession(1823377532)--file:/home/jesba289/Dokument/TDP024-Enterprise-System/account-data-impl-db/build/classes/_account-dataPU login successful
[EL Warning]: 2015-10-02 17:06:50.768--ServerSession(1823377532)--Exception [EclipseLink-4002] (Eclipse Persistence Services - 2.3.0.v20110604-r9504): org.eclipse.persistence.exceptions.DatabaseException
Internal Exception: java.sql.SQLSyntaxErrorException: 'ALTER TABLE' cannot be performed on 'TRANSACTIONDB' because it does not exist.
Error Code: 30000
Call: ALTER TABLE TRANSACTIONDB DROP CONSTRAINT TRNSACTIONDBCCNTID
Query: DataModifyQuery(sql="ALTER TABLE TRANSACTIONDB DROP CONSTRAINT TRNSACTIONDBCCNTID")
[EL Warning]: 2015-10-02 17:06:50.773--ServerSession(1823377532)--Exception [EclipseLink-4002] (Eclipse Persistence Services - 2.3.0.v20110604-r9504): org.eclipse.persistence.exceptions.DatabaseException
Internal Exception: java.sql.SQLSyntaxErrorException: 'DROP TABLE' cannot be performed on 'ACCOUNTDB' because it does not exist.
Error Code: 30000
Call: DROP TABLE ACCOUNTDB
Query: DataModifyQuery(sql="DROP TABLE ACCOUNTDB")
[EL Warning]: 2015-10-02 17:06:50.832--ServerSession(1823377532)--Exception [EclipseLink-4002] (Eclipse Persistence Services - 2.3.0.v20110604-r9504): org.eclipse.persistence.exceptions.DatabaseException
Internal Exception: java.sql.SQLSyntaxErrorException: 'DROP TABLE' cannot be performed on 'TRANSACTIONDB' because it does not exist.
Error Code: 30000
Call: DROP TABLE TRANSACTIONDB
Query: DataModifyQuery(sql="DROP TABLE TRANSACTIONDB")
http://enterprise-systems.appspot.com/person/find.name
http://enterprise-systems.appspot.com/bank/find.name
[EL Info]: 2015-10-02 17:06:51.562--ServerSession(1823377532)--file:/home/jesba289/Dokument/TDP024-Enterprise-System/account-data-impl-db/build/classes/_account-dataPU logout successful
http://enterprise-systems.appspot.com/person/find.name?name=Q
http://enterprise-systems.appspot.com/bank/find.name?name=SWEDBANK
--------- CREATE --------
Accounttype: CHECK
Person: Q - ahRzfmVudGVycHJpc2Utc3lzdGVtc3IOCxIGUGVyc29uGLmUAQw
Bank: SWEDBANK - ahRzfmVudGVycHJpc2Utc3lzdGVtc3ILCxIEQmFuaxiJJww
[EL Info]: 2015-10-02 17:06:51.966--ServerSession(1230458658)--EclipseLink, version: Eclipse Persistence Services - 2.3.0.v20110604-r9504
[EL Info]: 2015-10-02 17:06:51.973--ServerSession(1230458658)--file:/home/jesba289/Dokument/TDP024-Enterprise-System/account-data-impl-db/build/classes/_account-dataPU login successful
[EL Warning]: 2015-10-02 17:06:52.141--ServerSession(1230458658)--Exception [EclipseLink-4002] (Eclipse Persistence Services - 2.3.0.v20110604-r9504): org.eclipse.persistence.exceptions.DatabaseException
Internal Exception: java.sql.SQLException: Table/View 'SEQUENCE' already exists in Schema 'APP'.
Error Code: 30000
Call: CREATE TABLE SEQUENCE (SEQ_NAME VARCHAR(50) NOT NULL, SEQ_COUNT DECIMAL(15), PRIMARY KEY (SEQ_NAME))
Query: DataModifyQuery(sql="CREATE TABLE SEQUENCE (SEQ_NAME VARCHAR(50) NOT NULL, SEQ_COUNT DECIMAL(15), PRIMARY KEY (SEQ_NAME))")
http://enterprise-systems.appspot.com/person/find.name?name=Q
http://enterprise-systems.appspot.com/person/find.name?name=ayy+lmao
[EL Info]: 2015-10-02 17:06:52.834--ServerSession(1230458658)--file:/home/jesba289/Dokument/TDP024-Enterprise-System/account-data-impl-db/build/classes/_account-dataPU logout successful
]]></system-out>
  <system-err><![CDATA[java.lang.NullPointerException
	at java.net.URLEncoder.encode(URLEncoder.java:205)
	at se.liu.ida.tdp024.account.util.http.HTTPHelperImpl.createURL(HTTPHelperImpl.java:110)
	at se.liu.ida.tdp024.account.util.http.HTTPHelperImpl.get(HTTPHelperImpl.java:22)
	at se.liu.ida.tdp024.account.logic.impl.facade.AccountLogicFacadeImpl.create(AccountLogicFacadeImpl.java:28)
	at se.liu.ida.tdp024.account.logic.test.facade.AccountLogicFacadeTest.testCreate(AccountLogicFacadeTest.java:38)
	at sun.reflect.NativeMethodAccessorImpl.invoke0(Native Method)
	at sun.reflect.NativeMethodAccessorImpl.invoke(NativeMethodAccessorImpl.java:57)
	at sun.reflect.DelegatingMethodAccessorImpl.invoke(DelegatingMethodAccessorImpl.java:43)
	at java.lang.reflect.Method.invoke(Method.java:606)
	at org.junit.runners.model.FrameworkMethod$1.runReflectiveCall(FrameworkMethod.java:45)
	at org.junit.internal.runners.model.ReflectiveCallable.run(ReflectiveCallable.java:15)
	at org.junit.runners.model.FrameworkMethod.invokeExplosively(FrameworkMethod.java:42)
	at org.junit.internal.runners.statements.InvokeMethod.evaluate(InvokeMethod.java:20)
	at org.junit.internal.runners.statements.RunAfters.evaluate(RunAfters.java:30)
	at org.junit.runners.ParentRunner.runLeaf(ParentRunner.java:263)
	at org.junit.runners.BlockJUnit4ClassRunner.runChild(BlockJUnit4ClassRunner.java:68)
	at org.junit.runners.BlockJUnit4ClassRunner.runChild(BlockJUnit4ClassRunner.java:47)
	at org.junit.runners.ParentRunner$3.run(ParentRunner.java:231)
	at org.junit.runners.ParentRunner$1.schedule(ParentRunner.java:60)
	at org.junit.runners.ParentRunner.runChildren(ParentRunner.java:229)
	at org.junit.runners.ParentRunner.access$000(ParentRunner.java:50)
	at org.junit.runners.ParentRunner$2.evaluate(ParentRunner.java:222)
	at org.junit.runners.ParentRunner.run(ParentRunner.java:300)
	at junit.framework.JUnit4TestAdapter.run(JUnit4TestAdapter.java:39)
	at org.apache.tools.ant.taskdefs.optional.junit.JUnitTestRunner.run(JUnitTestRunner.java:532)
	at org.apache.tools.ant.taskdefs.optional.junit.JUnitTestRunner.launch(JUnitTestRunner.java:1165)
	at org.apache.tools.ant.taskdefs.optional.junit.JUnitTestRunner.main(JUnitTestRunner.java:1016)
java.lang.NullPointerException
	at java.net.URLEncoder.encode(URLEncoder.java:205)
	at se.liu.ida.tdp024.account.util.http.HTTPHelperImpl.createURL(HTTPHelperImpl.java:110)
	at se.liu.ida.tdp024.account.util.http.HTTPHelperImpl.get(HTTPHelperImpl.java:22)
	at se.liu.ida.tdp024.account.logic.impl.facade.AccountLogicFacadeImpl.create(AccountLogicFacadeImpl.java:28)
	at se.liu.ida.tdp024.account.logic.test.facade.AccountLogicFacadeTest.testCreate(AccountLogicFacadeTest.java:74)
	at sun.reflect.NativeMethodAccessorImpl.invoke0(Native Method)
	at sun.reflect.NativeMethodAccessorImpl.invoke(NativeMethodAccessorImpl.java:57)
	at sun.reflect.DelegatingMethodAccessorImpl.invoke(DelegatingMethodAccessorImpl.java:43)
	at java.lang.reflect.Method.invoke(Method.java:606)
	at org.junit.runners.model.FrameworkMethod$1.runReflectiveCall(FrameworkMethod.java:45)
	at org.junit.internal.runners.model.ReflectiveCallable.run(ReflectiveCallable.java:15)
	at org.junit.runners.model.FrameworkMethod.invokeExplosively(FrameworkMethod.java:42)
	at org.junit.internal.runners.statements.InvokeMethod.evaluate(InvokeMethod.java:20)
	at org.junit.internal.runners.statements.RunAfters.evaluate(RunAfters.java:30)
	at org.junit.runners.ParentRunner.runLeaf(ParentRunner.java:263)
	at org.junit.runners.BlockJUnit4ClassRunner.runChild(BlockJUnit4ClassRunner.java:68)
	at org.junit.runners.BlockJUnit4ClassRunner.runChild(BlockJUnit4ClassRunner.java:47)
	at org.junit.runners.ParentRunner$3.run(ParentRunner.java:231)
	at org.junit.runners.ParentRunner$1.schedule(ParentRunner.java:60)
	at org.junit.runners.ParentRunner.runChildren(ParentRunner.java:229)
	at org.junit.runners.ParentRunner.access$000(ParentRunner.java:50)
	at org.junit.runners.ParentRunner$2.evaluate(ParentRunner.java:222)
	at org.junit.runners.ParentRunner.run(ParentRunner.java:300)
	at junit.framework.JUnit4TestAdapter.run(JUnit4TestAdapter.java:39)
	at org.apache.tools.ant.taskdefs.optional.junit.JUnitTestRunner.run(JUnitTestRunner.java:532)
	at org.apache.tools.ant.taskdefs.optional.junit.JUnitTestRunner.launch(JUnitTestRunner.java:1165)
	at org.apache.tools.ant.taskdefs.optional.junit.JUnitTestRunner.main(JUnitTestRunner.java:1016)
java.lang.NullPointerException
	at java.net.URLEncoder.encode(URLEncoder.java:205)
	at se.liu.ida.tdp024.account.util.http.HTTPHelperImpl.createURL(HTTPHelperImpl.java:110)
	at se.liu.ida.tdp024.account.util.http.HTTPHelperImpl.get(HTTPHelperImpl.java:22)
	at se.liu.ida.tdp024.account.logic.impl.facade.AccountLogicFacadeImpl.create(AccountLogicFacadeImpl.java:29)
	at se.liu.ida.tdp024.account.logic.test.facade.AccountLogicFacadeTest.testCreate(AccountLogicFacadeTest.java:74)
	at sun.reflect.NativeMethodAccessorImpl.invoke0(Native Method)
	at sun.reflect.NativeMethodAccessorImpl.invoke(NativeMethodAccessorImpl.java:57)
	at sun.reflect.DelegatingMethodAccessorImpl.invoke(DelegatingMethodAccessorImpl.java:43)
	at java.lang.reflect.Method.invoke(Method.java:606)
	at org.junit.runners.model.FrameworkMethod$1.runReflectiveCall(FrameworkMethod.java:45)
	at org.junit.internal.runners.model.ReflectiveCallable.run(ReflectiveCallable.java:15)
	at org.junit.runners.model.FrameworkMethod.invokeExplosively(FrameworkMethod.java:42)
	at org.junit.internal.runners.statements.InvokeMethod.evaluate(InvokeMethod.java:20)
	at org.junit.internal.runners.statements.RunAfters.evaluate(RunAfters.java:30)
	at org.junit.runners.ParentRunner.runLeaf(ParentRunner.java:263)
	at org.junit.runners.BlockJUnit4ClassRunner.runChild(BlockJUnit4ClassRunner.java:68)
	at org.junit.runners.BlockJUnit4ClassRunner.runChild(BlockJUnit4ClassRunner.java:47)
	at org.junit.runners.ParentRunner$3.run(ParentRunner.java:231)
	at org.junit.runners.ParentRunner$1.schedule(ParentRunner.java:60)
	at org.junit.runners.ParentRunner.runChildren(ParentRunner.java:229)
	at org.junit.runners.ParentRunner.access$000(ParentRunner.java:50)
	at org.junit.runners.ParentRunner$2.evaluate(ParentRunner.java:222)
	at org.junit.runners.ParentRunner.run(ParentRunner.java:300)
	at junit.framework.JUnit4TestAdapter.run(JUnit4TestAdapter.java:39)
	at org.apache.tools.ant.taskdefs.optional.junit.JUnitTestRunner.run(JUnitTestRunner.java:532)
	at org.apache.tools.ant.taskdefs.optional.junit.JUnitTestRunner.launch(JUnitTestRunner.java:1165)
	at org.apache.tools.ant.taskdefs.optional.junit.JUnitTestRunner.main(JUnitTestRunner.java:1016)
]]></system-err>
</testsuite>
